<?xml version="1.0" encoding="UTF-8"?>
<!-- Generated by org.testng.reporters.JUnitReportReporter -->
<testsuite hostname="SATHISH" failures="0" tests="1" name="TestCase.MakeMyTripHotel" time="0.133" errors="0" timestamp="2024-06-01T12:35:25 IST" skipped="0">
  <testcase classname="TestCase.MakeMyTripHotel" name="TestCase1" time="0.133"/>
</testsuite> <!-- TestCase.MakeMyTripHotel -->
