<?xml version="1.0" encoding="UTF-8"?>
<!-- Generated by org.testng.reporters.JUnitReportReporter -->
<testsuite hostname="DESKTOP-7VP6Q59" failures="0" tests="2" name="TestCase.MakeMyTripHotel" time="89.734" errors="0" timestamp="2024-06-08T11:02:48 IST" skipped="0">
  <testcase classname="TestCase.MakeMyTripHotel" name="SelectHotels" time="16.021"/>
  <testcase classname="TestCase.MakeMyTripHotel" name="selectfromcity" time="73.713"/>
</testsuite> <!-- TestCase.MakeMyTripHotel -->
