<?xml version="1.0" encoding="UTF-8"?>
<!-- Generated by org.testng.reporters.JUnitReportReporter -->
<testsuite hostname="DESKTOP-7VP6Q59" failures="0" tests="3" name="bhuvanesh.Automation.My_First_Testcase" time="0.018" errors="0" timestamp="2024-05-28T13:09:00 IST" skipped="0">
  <testcase classname="bhuvanesh.Automation.My_First_Testcase" name="TestCase3" time="0.014"/>
  <testcase classname="bhuvanesh.Automation.My_First_Testcase" name="TestCase2" time="0.001"/>
  <testcase classname="bhuvanesh.Automation.My_First_Testcase" name="TestCase5" time="0.003"/>
</testsuite> <!-- bhuvanesh.Automation.My_First_Testcase -->
