<?xml version="1.0" encoding="UTF-8"?>
<!-- Generated by org.testng.reporters.JUnitReportReporter -->
<testsuite hostname="DESKTOP-7VP6Q59" failures="0" tests="2" name="bhuvanesh.Automation.My_Second_Testcase" time="0.028" errors="0" timestamp="2024-06-07T11:53:28 IST" skipped="0">
  <testcase classname="bhuvanesh.Automation.My_Second_Testcase" name="TestCase_1" time="0.025"/>
  <testcase classname="bhuvanesh.Automation.My_Second_Testcase" name="TestCase_2" time="0.003"/>
</testsuite> <!-- bhuvanesh.Automation.My_Second_Testcase -->
