<?xml version="1.0" encoding="UTF-8"?>
<!-- Generated by org.testng.reporters.JUnitReportReporter -->
<testsuite hostname="DESKTOP-7VP6Q59" failures="0" tests="3" name="bhuvanesh.Automation.My_First_Testcase" time="0.020" errors="0" timestamp="2024-06-06T21:48:00 IST" skipped="0">
  <testcase classname="bhuvanesh.Automation.My_First_Testcase" name="TestCase3" time="0.015"/>
  <testcase classname="bhuvanesh.Automation.My_First_Testcase" name="TestCase2" time="0.001"/>
  <testcase classname="bhuvanesh.Automation.My_First_Testcase" name="TestCase5" time="0.004"/>
</testsuite> <!-- bhuvanesh.Automation.My_First_Testcase -->
