<?xml version="1.0" encoding="UTF-8"?>
<!-- Generated by org.testng.reporters.JUnitReportReporter -->
<testsuite hostname="DESKTOP-7VP6Q59" failures="0" tests="1" name="TestCase.MakeMyTripHotel" time="1.231" errors="0" timestamp="2024-06-01T11:00:06 IST" skipped="0">
  <testcase classname="TestCase.MakeMyTripHotel" name="TestCase1" time="1.231"/>
</testsuite> <!-- TestCase.MakeMyTripHotel -->
