<?xml version="1.0" encoding="UTF-8"?>
<!-- Generated by org.testng.reporters.JUnitReportReporter -->
<testsuite hostname="SATHISH" failures="0" tests="1" name="TestCase.MakeMyTripHotel" time="6.203" errors="0" timestamp="2024-06-08T13:54:27 IST" skipped="0">
  <testcase classname="TestCase.MakeMyTripHotel" name="SelectHotels1" time="6.203"/>
</testsuite> <!-- TestCase.MakeMyTripHotel -->
